2026-02-11 09:29:31,096 - basicLogger - INFO - Request for statistics has started
2026-02-11 09:29:31,097 - basicLogger - DEBUG - Statistics content: {'num_meals': 9, 'num_exercises': 10, 'max_meal_calories': 779, 'avg_exercise_duration': 81.2, 'last_updated': '2026-02-11T09:29:19Z'}
2026-02-11 09:29:31,097 - basicLogger - INFO - Request for statistics has completed
2026-02-11 09:29:31,663 - basicLogger - INFO - Request for statistics has started
2026-02-11 09:29:31,663 - basicLogger - DEBUG - Statistics content: {'num_meals': 9, 'num_exercises': 10, 'max_meal_calories': 779, 'avg_exercise_duration': 81.2, 'last_updated': '2026-02-11T09:29:19Z'}
2026-02-11 09:29:31,663 - basicLogger - INFO - Request for statistics has completed
2026-02-11 09:29:32,500 - basicLogger - INFO - Start Periodic Processing
2026-02-11 09:29:32,531 - basicLogger - INFO - Periodic processing finished
2026-02-11 09:29:37,500 - basicLogger - INFO - Start Periodic Processing
2026-02-11 09:29:37,523 - basicLogger - INFO - Periodic processing finished
2026-02-11 09:29:42,500 - basicLogger - INFO - Start Periodic Processing
2026-02-11 09:29:42,533 - basicLogger - INFO - Periodic processing finished
2026-02-11 09:29:47,500 - basicLogger - INFO - Start Periodic Processing
2026-02-11 09:29:47,523 - basicLogger - INFO - Periodic processing finished
2026-02-11 09:29:52,500 - basicLogger - INFO - Start Periodic Processing
2026-02-11 09:29:52,526 - basicLogger - INFO - Periodic processing finished
2026-02-11 09:29:57,501 - basicLogger - INFO - Start Periodic Processing
2026-02-11 09:29:57,533 - basicLogger - INFO - Periodic processing finished
2026-02-11 09:30:02,500 - basicLogger - INFO - Start Periodic Processing
2026-02-11 09:30:02,519 - basicLogger - INFO - Periodic processing finished
2026-02-11 09:30:07,499 - basicLogger - INFO - Start Periodic Processing
2026-02-11 09:30:07,519 - basicLogger - INFO - Periodic processing finished
2026-02-11 09:30:12,499 - basicLogger - INFO - Start Periodic Processing
2026-02-11 09:30:12,522 - basicLogger - INFO - Periodic processing finished
2026-02-11 09:30:17,499 - basicLogger - INFO - Start Periodic Processing
2026-02-11 09:30:17,522 - basicLogger - INFO - Periodic processing finished
2026-02-11 09:30:22,500 - basicLogger - INFO - Start Periodic Processing
2026-02-11 09:30:22,524 - basicLogger - INFO - Periodic processing finished
2026-02-11 09:30:27,499 - basicLogger - INFO - Start Periodic Processing
2026-02-11 09:30:27,520 - basicLogger - INFO - Periodic processing finished
2026-02-11 09:30:32,499 - basicLogger - INFO - Start Periodic Processing
2026-02-11 09:30:32,527 - basicLogger - INFO - Periodic processing finished
2026-02-11 09:30:37,499 - basicLogger - INFO - Start Periodic Processing
2026-02-11 09:30:37,522 - basicLogger - INFO - Periodic processing finished
2026-02-11 09:30:42,499 - basicLogger - INFO - Start Periodic Processing
2026-02-11 09:30:42,519 - basicLogger - INFO - Periodic processing finished
2026-02-11 09:30:47,499 - basicLogger - INFO - Start Periodic Processing
2026-02-11 09:30:47,518 - basicLogger - INFO - Periodic processing finished
2026-02-11 09:30:52,500 - basicLogger - INFO - Start Periodic Processing
2026-02-11 09:30:52,522 - basicLogger - INFO - Periodic processing finished
2026-02-11 10:20:02,066 - basicLogger - INFO - Start Periodic Processing
2026-02-11 10:20:02,373 - basicLogger - INFO - Periodic processing finished
2026-02-11 10:20:07,065 - basicLogger - INFO - Start Periodic Processing
2026-02-11 10:20:07,134 - basicLogger - INFO - Periodic processing finished
2026-02-11 10:20:12,067 - basicLogger - INFO - Start Periodic Processing
2026-02-11 10:20:12,112 - basicLogger - INFO - Periodic processing finished
2026-02-11 10:20:17,065 - basicLogger - INFO - Start Periodic Processing
2026-02-11 10:20:17,148 - basicLogger - INFO - Periodic processing finished
2026-02-11 10:20:22,065 - basicLogger - INFO - Start Periodic Processing
2026-02-11 10:20:22,130 - basicLogger - INFO - Periodic processing finished
2026-02-11 10:20:27,063 - basicLogger - INFO - Start Periodic Processing
2026-02-11 10:20:27,090 - basicLogger - INFO - Periodic processing finished
2026-02-11 10:20:32,065 - basicLogger - INFO - Start Periodic Processing
2026-02-11 10:20:32,116 - basicLogger - INFO - Periodic processing finished
2026-02-11 10:20:37,063 - basicLogger - INFO - Start Periodic Processing
2026-02-11 10:20:37,093 - basicLogger - INFO - Periodic processing finished
2026-02-11 10:20:42,064 - basicLogger - INFO - Start Periodic Processing
2026-02-11 10:20:42,132 - basicLogger - INFO - Periodic processing finished
2026-02-11 10:20:47,065 - basicLogger - INFO - Start Periodic Processing
2026-02-11 10:20:47,136 - basicLogger - INFO - Periodic processing finished
2026-02-11 10:20:52,065 - basicLogger - INFO - Start Periodic Processing
2026-02-11 10:20:52,095 - basicLogger - INFO - Periodic processing finished
2026-02-11 10:20:57,064 - basicLogger - INFO - Start Periodic Processing
2026-02-11 10:20:57,098 - basicLogger - INFO - Periodic processing finished
2026-02-11 10:21:02,066 - basicLogger - INFO - Start Periodic Processing
2026-02-11 10:21:02,108 - basicLogger - INFO - Periodic processing finished
2026-02-11 10:21:07,065 - basicLogger - INFO - Start Periodic Processing
2026-02-11 10:21:07,126 - basicLogger - INFO - Periodic processing finished
2026-02-11 10:21:12,065 - basicLogger - INFO - Start Periodic Processing
2026-02-11 10:21:12,137 - basicLogger - INFO - Periodic processing finished
2026-02-11 10:21:17,063 - basicLogger - INFO - Start Periodic Processing
2026-02-11 10:21:17,086 - basicLogger - INFO - Periodic processing finished
2026-02-11 10:21:22,064 - basicLogger - INFO - Start Periodic Processing
2026-02-11 10:21:22,127 - basicLogger - INFO - Periodic processing finished
2026-02-11 10:21:27,064 - basicLogger - INFO - Start Periodic Processing
2026-02-11 10:21:27,097 - basicLogger - INFO - Periodic processing finished
2026-02-11 10:21:32,064 - basicLogger - INFO - Start Periodic Processing
2026-02-11 10:21:32,099 - basicLogger - INFO - Periodic processing finished
2026-02-11 10:21:37,067 - basicLogger - INFO - Start Periodic Processing
2026-02-11 10:21:37,133 - basicLogger - INFO - Periodic processing finished
2026-02-11 10:21:42,066 - basicLogger - INFO - Start Periodic Processing
2026-02-11 10:21:42,132 - basicLogger - INFO - Periodic processing finished
2026-02-11 10:21:47,065 - basicLogger - INFO - Start Periodic Processing
2026-02-11 10:21:47,097 - basicLogger - INFO - Periodic processing finished
2026-02-11 10:21:52,065 - basicLogger - INFO - Start Periodic Processing
2026-02-11 10:21:52,134 - basicLogger - INFO - Periodic processing finished
2026-02-11 10:21:57,065 - basicLogger - INFO - Start Periodic Processing
2026-02-11 10:21:57,109 - basicLogger - INFO - Periodic processing finished
2026-02-11 10:22:02,066 - basicLogger - INFO - Start Periodic Processing
2026-02-11 10:22:02,135 - basicLogger - INFO - Periodic processing finished
2026-02-11 10:22:07,066 - basicLogger - INFO - Start Periodic Processing
2026-02-11 10:22:07,105 - basicLogger - INFO - Periodic processing finished
2026-02-11 10:22:12,064 - basicLogger - INFO - Start Periodic Processing
2026-02-11 10:22:12,102 - basicLogger - INFO - Periodic processing finished
2026-02-11 10:22:17,065 - basicLogger - INFO - Start Periodic Processing
2026-02-11 10:22:17,123 - basicLogger - INFO - Periodic processing finished
2026-02-11 10:22:22,065 - basicLogger - INFO - Start Periodic Processing
2026-02-11 10:22:22,132 - basicLogger - INFO - Periodic processing finished
2026-02-11 10:22:27,065 - basicLogger - INFO - Start Periodic Processing
2026-02-11 10:22:27,107 - basicLogger - INFO - Periodic processing finished
2026-02-11 10:22:32,064 - basicLogger - INFO - Start Periodic Processing
2026-02-11 10:22:32,112 - basicLogger - INFO - Periodic processing finished
2026-02-11 10:22:37,062 - basicLogger - INFO - Start Periodic Processing
2026-02-11 10:22:37,119 - basicLogger - INFO - Periodic processing finished
2026-02-11 10:22:42,063 - basicLogger - INFO - Start Periodic Processing
2026-02-11 10:22:42,110 - basicLogger - INFO - Periodic processing finished
2026-02-11 10:22:47,065 - basicLogger - INFO - Start Periodic Processing
2026-02-11 10:22:47,140 - basicLogger - INFO - Periodic processing finished
2026-02-11 10:22:52,068 - basicLogger - INFO - Start Periodic Processing
2026-02-11 10:22:52,121 - basicLogger - INFO - Periodic processing finished
2026-02-11 10:22:57,065 - basicLogger - INFO - Start Periodic Processing
2026-02-11 10:22:57,100 - basicLogger - INFO - Periodic processing finished
2026-02-11 10:23:02,063 - basicLogger - INFO - Start Periodic Processing
2026-02-11 10:23:02,087 - basicLogger - INFO - Periodic processing finished
2026-02-11 10:23:07,064 - basicLogger - INFO - Start Periodic Processing
2026-02-11 10:23:07,105 - basicLogger - INFO - Periodic processing finished
2026-02-11 10:23:12,064 - basicLogger - INFO - Start Periodic Processing
2026-02-11 10:23:12,125 - basicLogger - INFO - Periodic processing finished
2026-02-11 10:23:17,063 - basicLogger - INFO - Start Periodic Processing
2026-02-11 10:23:17,098 - basicLogger - INFO - Periodic processing finished
2026-02-11 10:23:22,064 - basicLogger - INFO - Start Periodic Processing
2026-02-11 10:23:22,127 - basicLogger - INFO - Periodic processing finished
2026-02-11 10:23:27,062 - basicLogger - INFO - Start Periodic Processing
2026-02-11 10:23:27,083 - basicLogger - INFO - Periodic processing finished
2026-02-11 10:23:32,064 - basicLogger - INFO - Start Periodic Processing
2026-02-11 10:23:32,098 - basicLogger - INFO - Periodic processing finished
2026-02-11 10:23:37,065 - basicLogger - INFO - Start Periodic Processing
2026-02-11 10:23:37,134 - basicLogger - INFO - Periodic processing finished
2026-02-11 10:23:42,063 - basicLogger - INFO - Start Periodic Processing
2026-02-11 10:23:42,083 - basicLogger - INFO - Periodic processing finished
2026-02-11 10:23:47,063 - basicLogger - INFO - Start Periodic Processing
2026-02-11 10:23:47,096 - basicLogger - INFO - Periodic processing finished
2026-02-11 10:23:52,065 - basicLogger - INFO - Start Periodic Processing
2026-02-11 10:23:52,103 - basicLogger - INFO - Periodic processing finished
2026-02-11 10:23:57,063 - basicLogger - INFO - Start Periodic Processing
2026-02-11 10:23:57,084 - basicLogger - INFO - Periodic processing finished
2026-02-11 10:24:02,064 - basicLogger - INFO - Start Periodic Processing
2026-02-11 10:24:02,115 - basicLogger - INFO - Periodic processing finished
2026-02-11 10:24:07,065 - basicLogger - INFO - Start Periodic Processing
2026-02-11 10:24:07,157 - basicLogger - INFO - Periodic processing finished
2026-02-11 10:24:12,066 - basicLogger - INFO - Start Periodic Processing
2026-02-11 10:24:12,139 - basicLogger - INFO - Periodic processing finished
2026-02-11 10:24:17,066 - basicLogger - INFO - Start Periodic Processing
2026-02-11 10:24:17,135 - basicLogger - INFO - Periodic processing finished
2026-02-11 10:24:22,064 - basicLogger - INFO - Start Periodic Processing
2026-02-11 10:24:22,118 - basicLogger - INFO - Periodic processing finished
2026-02-11 10:24:27,065 - basicLogger - INFO - Start Periodic Processing
2026-02-11 10:24:27,133 - basicLogger - INFO - Periodic processing finished
2026-02-11 10:24:32,065 - basicLogger - INFO - Start Periodic Processing
2026-02-11 10:24:32,137 - basicLogger - INFO - Periodic processing finished
2026-02-11 10:24:37,065 - basicLogger - INFO - Start Periodic Processing
2026-02-11 10:24:37,115 - basicLogger - INFO - Periodic processing finished
2026-02-11 10:24:42,065 - basicLogger - INFO - Start Periodic Processing
2026-02-11 10:24:42,109 - basicLogger - INFO - Periodic processing finished
2026-02-11 10:24:47,066 - basicLogger - INFO - Start Periodic Processing
2026-02-11 10:24:47,130 - basicLogger - INFO - Periodic processing finished
2026-02-11 10:24:52,065 - basicLogger - INFO - Start Periodic Processing
2026-02-11 10:24:52,135 - basicLogger - INFO - Periodic processing finished
2026-02-11 10:24:57,064 - basicLogger - INFO - Start Periodic Processing
2026-02-11 10:24:57,137 - basicLogger - INFO - Periodic processing finished
2026-02-11 10:25:02,064 - basicLogger - INFO - Start Periodic Processing
2026-02-11 10:25:02,101 - basicLogger - INFO - Periodic processing finished
2026-02-11 10:25:07,063 - basicLogger - INFO - Start Periodic Processing
2026-02-11 10:25:07,136 - basicLogger - INFO - Periodic processing finished
2026-02-11 10:25:12,066 - basicLogger - INFO - Start Periodic Processing
2026-02-11 10:25:12,138 - basicLogger - INFO - Periodic processing finished
2026-02-11 10:25:17,063 - basicLogger - INFO - Start Periodic Processing
2026-02-11 10:25:17,088 - basicLogger - INFO - Periodic processing finished
2026-02-11 10:25:22,063 - basicLogger - INFO - Start Periodic Processing
2026-02-11 10:25:22,084 - basicLogger - INFO - Periodic processing finished
2026-02-11 10:25:27,062 - basicLogger - INFO - Start Periodic Processing
2026-02-11 10:25:27,083 - basicLogger - INFO - Periodic processing finished
2026-02-11 10:25:32,062 - basicLogger - INFO - Start Periodic Processing
2026-02-11 10:25:32,088 - basicLogger - INFO - Periodic processing finished
2026-02-11 10:25:37,064 - basicLogger - INFO - Start Periodic Processing
2026-02-11 10:25:37,115 - basicLogger - INFO - Periodic processing finished
2026-02-11 10:25:42,065 - basicLogger - INFO - Start Periodic Processing
2026-02-11 10:25:42,135 - basicLogger - INFO - Periodic processing finished
2026-02-11 10:25:47,066 - basicLogger - INFO - Start Periodic Processing
2026-02-11 10:25:47,109 - basicLogger - INFO - Periodic processing finished
2026-02-11 10:25:52,066 - basicLogger - INFO - Start Periodic Processing
2026-02-11 10:25:52,123 - basicLogger - INFO - Periodic processing finished
2026-02-11 10:25:57,065 - basicLogger - INFO - Start Periodic Processing
2026-02-11 10:25:57,118 - basicLogger - INFO - Periodic processing finished
2026-02-11 10:26:02,065 - basicLogger - INFO - Start Periodic Processing
2026-02-11 10:26:02,204 - basicLogger - INFO - Periodic processing finished
2026-02-11 10:26:07,064 - basicLogger - INFO - Start Periodic Processing
2026-02-11 10:26:07,085 - basicLogger - INFO - Periodic processing finished
2026-02-11 10:26:12,064 - basicLogger - INFO - Start Periodic Processing
2026-02-11 10:26:12,105 - basicLogger - INFO - Periodic processing finished
2026-02-11 10:26:17,065 - basicLogger - INFO - Start Periodic Processing
2026-02-11 10:26:17,122 - basicLogger - INFO - Periodic processing finished
2026-02-11 10:26:22,063 - basicLogger - INFO - Start Periodic Processing
2026-02-11 10:26:22,085 - basicLogger - INFO - Periodic processing finished
2026-02-11 10:26:27,066 - basicLogger - INFO - Start Periodic Processing
2026-02-11 10:26:27,140 - basicLogger - INFO - Periodic processing finished
2026-02-11 10:26:32,068 - basicLogger - INFO - Start Periodic Processing
2026-02-11 10:26:32,148 - basicLogger - INFO - Periodic processing finished
2026-02-11 10:26:37,066 - basicLogger - INFO - Start Periodic Processing
2026-02-11 10:26:37,102 - basicLogger - INFO - Periodic processing finished
2026-02-11 10:26:42,065 - basicLogger - INFO - Start Periodic Processing
2026-02-11 10:26:42,118 - basicLogger - INFO - Periodic processing finished
2026-02-11 10:26:47,065 - basicLogger - INFO - Start Periodic Processing
2026-02-11 10:26:47,123 - basicLogger - INFO - Periodic processing finished
2026-02-11 10:26:52,065 - basicLogger - INFO - Start Periodic Processing
2026-02-11 10:26:52,136 - basicLogger - INFO - Periodic processing finished
2026-02-11 10:26:57,066 - basicLogger - INFO - Start Periodic Processing
2026-02-11 10:26:57,135 - basicLogger - INFO - Periodic processing finished
2026-02-11 10:27:02,065 - basicLogger - INFO - Start Periodic Processing
2026-02-11 10:27:02,134 - basicLogger - INFO - Periodic processing finished
2026-02-11 10:27:07,065 - basicLogger - INFO - Start Periodic Processing
2026-02-11 10:27:07,134 - basicLogger - INFO - Periodic processing finished
2026-02-11 10:27:12,065 - basicLogger - INFO - Start Periodic Processing
2026-02-11 10:27:12,105 - basicLogger - INFO - Periodic processing finished
2026-02-11 10:27:17,066 - basicLogger - INFO - Start Periodic Processing
2026-02-11 10:27:17,124 - basicLogger - INFO - Periodic processing finished
2026-02-11 10:27:22,063 - basicLogger - INFO - Start Periodic Processing
2026-02-11 10:27:22,088 - basicLogger - INFO - Periodic processing finished
2026-02-11 10:27:27,063 - basicLogger - INFO - Start Periodic Processing
2026-02-11 10:27:27,096 - basicLogger - INFO - Periodic processing finished
2026-02-11 10:27:32,064 - basicLogger - INFO - Start Periodic Processing
2026-02-11 10:27:32,132 - basicLogger - INFO - Periodic processing finished
2026-02-11 10:27:37,064 - basicLogger - INFO - Start Periodic Processing
2026-02-11 10:27:37,126 - basicLogger - INFO - Periodic processing finished
2026-02-11 10:27:42,066 - basicLogger - INFO - Start Periodic Processing
2026-02-11 10:27:42,110 - basicLogger - INFO - Periodic processing finished
2026-02-11 10:27:47,065 - basicLogger - INFO - Start Periodic Processing
2026-02-11 10:27:47,130 - basicLogger - INFO - Periodic processing finished
2026-02-11 10:27:52,065 - basicLogger - INFO - Start Periodic Processing
2026-02-11 10:27:52,100 - basicLogger - INFO - Periodic processing finished
2026-02-11 10:27:57,063 - basicLogger - INFO - Start Periodic Processing
2026-02-11 10:27:57,094 - basicLogger - INFO - Periodic processing finished
2026-02-11 10:28:02,062 - basicLogger - INFO - Start Periodic Processing
2026-02-11 10:28:02,084 - basicLogger - INFO - Periodic processing finished
2026-02-11 10:28:07,065 - basicLogger - INFO - Start Periodic Processing
2026-02-11 10:28:12,065 - basicLogger - INFO - Start Periodic Processing
2026-02-11 10:28:17,064 - basicLogger - INFO - Start Periodic Processing
2026-02-11 10:28:22,065 - basicLogger - INFO - Start Periodic Processing
2026-02-11 10:28:27,064 - basicLogger - INFO - Start Periodic Processing
2026-02-11 10:28:32,065 - basicLogger - INFO - Start Periodic Processing
2026-02-11 10:28:37,066 - basicLogger - INFO - Start Periodic Processing
2026-02-11 10:28:42,064 - basicLogger - INFO - Start Periodic Processing
2026-02-11 10:28:47,065 - basicLogger - INFO - Start Periodic Processing
2026-02-11 10:28:52,066 - basicLogger - INFO - Start Periodic Processing
2026-02-11 10:28:57,065 - basicLogger - INFO - Start Periodic Processing
2026-02-11 10:29:02,065 - basicLogger - INFO - Start Periodic Processing
2026-02-11 10:29:07,064 - basicLogger - INFO - Start Periodic Processing
2026-02-11 10:29:12,064 - basicLogger - INFO - Start Periodic Processing
2026-02-11 10:29:17,065 - basicLogger - INFO - Start Periodic Processing
2026-02-11 10:29:22,068 - basicLogger - INFO - Start Periodic Processing
2026-02-11 10:29:27,066 - basicLogger - INFO - Start Periodic Processing
2026-02-11 10:29:32,066 - basicLogger - INFO - Start Periodic Processing
2026-02-11 10:29:37,065 - basicLogger - INFO - Start Periodic Processing
2026-02-11 10:29:42,066 - basicLogger - INFO - Start Periodic Processing
2026-02-11 10:29:47,065 - basicLogger - INFO - Start Periodic Processing
2026-02-11 10:29:52,066 - basicLogger - INFO - Start Periodic Processing
2026-02-11 10:29:57,067 - basicLogger - INFO - Start Periodic Processing
2026-02-11 10:30:02,065 - basicLogger - INFO - Start Periodic Processing
2026-02-11 10:30:07,064 - basicLogger - INFO - Start Periodic Processing
2026-02-11 10:30:12,063 - basicLogger - INFO - Start Periodic Processing
2026-02-11 10:30:17,062 - basicLogger - INFO - Start Periodic Processing
2026-02-11 10:30:22,064 - basicLogger - INFO - Start Periodic Processing
2026-02-11 10:30:27,066 - basicLogger - INFO - Start Periodic Processing
2026-02-11 10:30:32,064 - basicLogger - INFO - Start Periodic Processing
2026-02-11 10:30:37,064 - basicLogger - INFO - Start Periodic Processing
2026-02-11 10:30:42,067 - basicLogger - INFO - Start Periodic Processing
2026-02-11 10:30:47,065 - basicLogger - INFO - Start Periodic Processing
