2026-02-03 14:57:39,482 - basicLogger - INFO - Received event exercise_report with a trace id of 1770159459482396141
2026-02-03 14:57:39,482 - basicLogger - DEBUG - Sending to storage: {'exercise_id': '375ae844-9541-4ca9-9fb7-166f55ede5d2', 'type': 'Running', 'duration_min': 69, 'avg_heart_rate': 159, 'peak_heart_rate': 180, 'user_id': 'ca31d2b8-001e-4e71-a69b-eec21d9dacb5', 'trace_id': 1770159459482396141, 'source_device': 'Garmin Forerunner 955', 'batch_timestamp': '2026-02-03T14:57:39Z', 'record_timestamp': '2026-02-03T14:57:39Z'}
2026-02-03 14:57:39,508 - basicLogger - INFO - Response for event exercise_report (id: 1770159459482396141) has status 400
2026-02-03 14:57:43,113 - basicLogger - INFO - Received event exercise_report with a trace id of 1770159463113881109
2026-02-03 14:57:43,114 - basicLogger - DEBUG - Sending to storage: {'exercise_id': '69ed5318-e01d-4f8f-8ca7-9f64498fd7e6', 'type': 'Running', 'duration_min': 143, 'avg_heart_rate': 144, 'peak_heart_rate': 189, 'user_id': 'e816dc9c-d296-49bd-9c07-c7b938227f15', 'trace_id': 1770159463113881109, 'source_device': 'Garmin Forerunner 955', 'batch_timestamp': '2026-02-03T14:57:42Z', 'record_timestamp': '2026-02-03T14:57:42Z'}
2026-02-03 14:57:43,140 - basicLogger - INFO - Response for event exercise_report (id: 1770159463113881109) has status 400
2026-02-03 15:00:46,587 - basicLogger - INFO - Received event exercise_report with a trace id of 1770159646587329537
2026-02-03 15:00:46,587 - basicLogger - DEBUG - Sending to storage: {'exercise_id': 'f0d5eb0b-606f-44a1-a36e-fa240bd24789', 'type': 'Running', 'duration_min': 125, 'avg_heart_rate': 133, 'peak_heart_rate': 185, 'user_id': '58289dfc-46c3-4a3d-b40e-ac628e2120ce', 'trace_id': 1770159646587329537, 'source_device': 'Garmin Forerunner 955', 'batch_timestamp': '2026-02-03T15:00:46Z', 'record_timestamp': '2026-02-03T15:00:46Z'}
2026-02-03 15:00:46,616 - basicLogger - INFO - Response for event exercise_report (id: 1770159646587329537) has status 400
2026-02-03 15:02:43,538 - basicLogger - INFO - Received event exercise_report with a trace id of 1770159763538707040
2026-02-03 15:02:43,538 - basicLogger - DEBUG - Sending to storage: {'exercise_id': 'e558abea-4a77-4277-9c91-321b0b2ec14d', 'type': 'Running', 'duration_min': 56, 'avg_heart_rate': 130, 'peak_heart_rate': 188, 'user_id': '9769ba8d-aabe-403c-82d4-4bdc3dba1499', 'trace_id': 1770159763538707040, 'source_device': 'Garmin Forerunner 955', 'batch_timestamp': '2026-02-03T15:02:43Z', 'record_timestamp': '2026-02-03T15:02:43Z'}
2026-02-03 15:02:43,570 - basicLogger - INFO - Response for event exercise_report (id: 1770159763538707040) has status 400
2026-02-03 15:03:11,545 - basicLogger - INFO - Received event exercise_report with a trace id of 1770159791545024246
2026-02-03 15:03:11,545 - basicLogger - DEBUG - Sending to storage: {'exercise_id': '573211d7-7fbb-4da0-ac80-b1feab789ffa', 'type': 'Running', 'duration_min': 94, 'avg_heart_rate': 145, 'peak_heart_rate': 179, 'user_id': '29c4fa18-96da-487b-acdc-1b4efbfbb8cb', 'trace_id': 1770159791545024246, 'source_device': 'Garmin Forerunner 955', 'batch_timestamp': '2026-02-03T15:03:11Z', 'record_timestamp': '2026-02-03T15:03:11Z'}
2026-02-03 15:03:11,570 - basicLogger - INFO - Response for event exercise_report (id: 1770159791545024246) has status 400
2026-02-03 15:05:31,754 - basicLogger - INFO - Received event exercise_report with a trace id of 1770159931754173991
2026-02-03 15:05:31,754 - basicLogger - DEBUG - Sending to storage: {'exercise_id': 'd9ca267b-d3cc-4a28-84ee-89659f682cc4', 'type': 'Running', 'duration_min': 127, 'avg_heart_rate': 135, 'peak_heart_rate': 173, 'user_id': '47377059-5ab6-43a2-87b7-b2b194855c17', 'trace_id': 1770159931754173991, 'source_device': 'Garmin Forerunner 955', 'batch_timestamp': '2026-02-03T15:05:31Z', 'record_timestamp': '2026-02-03T15:05:31Z'}
2026-02-03 15:05:31,781 - basicLogger - INFO - Response for event exercise_report (id: 1770159931754173991) has status 400
2026-02-03 15:07:08,340 - basicLogger - INFO - Received event exercise_report with a trace id of 1770160028340807892
2026-02-03 15:07:08,340 - basicLogger - DEBUG - Sending to storage: {'exercise_id': '656d5b2a-dd22-47e0-b481-d7329ecd16a7', 'type': 'Running', 'duration_min': 84, 'avg_heart_rate': 139, 'peak_heart_rate': 181, 'user_id': '4b44e2a9-3293-42c8-939f-f4aab24d8bc0', 'trace_id': 1770160028340807892, 'source_device': 'Garmin Forerunner 955', 'batch_timestamp': '2026-02-03T15:07:09Z', 'record_timestamp': '2026-02-03T15:07:09Z'}
2026-02-03 15:07:19,646 - basicLogger - INFO - Received event exercise_report with a trace id of 1770160039646136768
2026-02-03 15:07:19,646 - basicLogger - DEBUG - Sending to storage: {'exercise_id': '8e812647-17c2-4093-854a-5954a7755b7f', 'type': 'Running', 'duration_min': 50, 'avg_heart_rate': 160, 'peak_heart_rate': 184, 'user_id': '91334dfd-10da-4119-b183-d91faaa49ca3', 'trace_id': 1770160039646136768, 'source_device': 'Garmin Forerunner 955', 'batch_timestamp': '2026-02-03T15:07:19Z', 'record_timestamp': '2026-02-03T15:07:19Z'}
2026-02-03 15:07:52,790 - basicLogger - INFO - Received event exercise_report with a trace id of 1770160072790922881
2026-02-03 15:07:52,791 - basicLogger - DEBUG - Sending to storage: {'exercise_id': '4dd35fc5-9834-465b-9c98-dcac5dc58161', 'type': 'Running', 'duration_min': 118, 'avg_heart_rate': 131, 'peak_heart_rate': 190, 'user_id': '969c0061-969f-4e75-aab7-43c88b2d32db', 'trace_id': 1770160072790922881, 'source_device': 'Garmin Forerunner 955', 'batch_timestamp': '2026-02-03T15:07:53Z', 'record_timestamp': '2026-02-03T15:07:53Z'}
2026-02-03 15:08:03,921 - basicLogger - INFO - Received event exercise_report with a trace id of 1770160083921678663
2026-02-03 15:08:03,921 - basicLogger - DEBUG - Sending to storage: {'exercise_id': '2326af6a-2f3c-4166-b4f9-319c3b65b2e8', 'type': 'Running', 'duration_min': 63, 'avg_heart_rate': 128, 'peak_heart_rate': 184, 'user_id': '5804034b-7eb4-490e-83c2-376effc4f30e', 'trace_id': 1770160083921678663, 'source_device': 'Garmin Forerunner 955', 'batch_timestamp': '2026-02-03T15:08:03Z', 'record_timestamp': '2026-02-03T15:08:03Z'}
2026-02-03 15:08:03,946 - basicLogger - INFO - Response for event exercise_report (id: 1770160083921678663) has status 400
2026-02-03 15:09:53,648 - basicLogger - INFO - Received event exercise_report with a trace id of 1770160193648111043
2026-02-03 15:09:53,648 - basicLogger - DEBUG - Sending to storage: {'exercise_id': '23579907-3c3f-4128-91b2-2baa1de7e57a', 'type': 'Running', 'duration_min': 37, 'avg_heart_rate': 150, 'peak_heart_rate': 191, 'user_id': '4b44250b-f426-4a4a-98ef-567a76e39c37', 'trace_id': 1770160193648111043, 'source_device': 'Garmin Forerunner 955', 'batch_timestamp': '2026-02-03T15:09:54Z', 'record_timestamp': '2026-02-03T15:09:54Z'}
2026-02-03 15:09:53,675 - basicLogger - INFO - Response for event exercise_report (id: 1770160193648111043) has status 500
2026-02-03 15:12:00,337 - basicLogger - INFO - Received event exercise_report with a trace id of 1770160320337710092
2026-02-03 15:12:00,337 - basicLogger - DEBUG - Sending to storage: {'exercise_id': '50e26355-b6dd-4d2c-bd04-b2dac7e5f260', 'type': 'Running', 'duration_min': 77, 'avg_heart_rate': 136, 'peak_heart_rate': 192, 'user_id': '58573da1-fa11-49aa-9c75-b9424075fec5', 'trace_id': 1770160320337710092, 'source_device': 'Garmin Forerunner 955', 'batch_timestamp': '2026-02-03T15:12:00Z', 'record_timestamp': '2026-02-03T15:12:00Z'}
2026-02-03 15:12:00,365 - basicLogger - INFO - Response for event exercise_report (id: 1770160320337710092) has status 500
2026-02-03 15:13:45,116 - basicLogger - INFO - Received event exercise_report with a trace id of 1770160425116365016
2026-02-03 15:13:45,116 - basicLogger - DEBUG - Sending to storage: {'exercise_id': '7c9a39c9-0766-42af-a57e-65acd3bffc80', 'type': 'Running', 'duration_min': 83, 'avg_heart_rate': 124, 'peak_heart_rate': 186, 'user_id': '8cec27cb-a15e-43d6-a59f-2b01557493d6', 'trace_id': 1770160425116365016, 'source_device': 'Garmin Forerunner 955', 'batch_timestamp': '2026-02-03T15:13:44Z', 'record_timestamp': '2026-02-03T15:13:44Z'}
2026-02-03 15:13:45,145 - basicLogger - INFO - Response for event exercise_report (id: 1770160425116365016) has status 500
2026-02-03 15:14:13,556 - basicLogger - INFO - Received event exercise_report with a trace id of 1770160453556845958
2026-02-03 15:14:13,557 - basicLogger - DEBUG - Sending to storage: {'exercise_id': 'e12eaa83-7897-4968-b21a-16e583eabccf', 'type': 'Running', 'duration_min': 132, 'avg_heart_rate': 130, 'peak_heart_rate': 172, 'user_id': 'ab7c40ff-183f-4108-ba19-013384e0b30d', 'trace_id': 1770160453556845958, 'source_device': 'Garmin Forerunner 955', 'batch_timestamp': '2026-02-03T15:14:13Z', 'record_timestamp': '2026-02-03T15:14:13Z'}
2026-02-03 15:14:13,595 - basicLogger - INFO - Response for event exercise_report (id: 1770160453556845958) has status 500
2026-02-03 15:18:07,707 - basicLogger - INFO - Received event exercise_report with a trace id of 1770160687707775148
2026-02-03 15:18:07,707 - basicLogger - DEBUG - Sending to storage: {'exercise_id': '945bc6c8-bbc2-4e48-843e-b08c8d5026dd', 'type': 'Running', 'duration_min': 69, 'avg_heart_rate': 150, 'peak_heart_rate': 184, 'user_id': '68c2973e-9b06-4ad8-b417-74d8fc34e7ae', 'trace_id': 1770160687707775148, 'source_device': 'Garmin Forerunner 955', 'batch_timestamp': '2026-02-03T15:18:08Z', 'record_timestamp': '2026-02-03T15:18:08Z'}
2026-02-03 15:18:07,745 - basicLogger - INFO - Response for event exercise_report (id: 1770160687707775148) has status 500
2026-02-03 15:19:12,096 - basicLogger - INFO - Received event exercise_report with a trace id of 1770160752096291822
2026-02-03 15:19:12,096 - basicLogger - DEBUG - Sending to storage: {'exercise_id': 'f09ecdee-ba04-44e3-9201-35dc5f8940c0', 'type': 'Running', 'duration_min': 48, 'avg_heart_rate': 145, 'peak_heart_rate': 178, 'user_id': '6eafcffc-046a-432b-ad81-08b9c7ef06f3', 'trace_id': 1770160752096291822, 'source_device': 'Garmin Forerunner 955', 'batch_timestamp': '2026-02-03T15:19:12Z', 'record_timestamp': '2026-02-03T15:19:12Z'}
2026-02-03 15:19:12,132 - basicLogger - INFO - Response for event exercise_report (id: 1770160752096291822) has status 500
2026-02-03 15:20:06,700 - basicLogger - INFO - Received event exercise_report with a trace id of 1770160806700037143
2026-02-03 15:20:06,700 - basicLogger - DEBUG - Sending to storage: {'exercise_id': '6152c66f-e964-4672-a1b0-1e31bcc8d95e', 'type': 'Running', 'duration_min': 82, 'avg_heart_rate': 146, 'peak_heart_rate': 176, 'user_id': '847e1fc6-7913-4462-b167-32249cfd45d0', 'trace_id': 1770160806700037143, 'source_device': 'Garmin Forerunner 955', 'batch_timestamp': '2026-02-03T15:20:07Z', 'record_timestamp': '2026-02-03T15:20:07Z'}
2026-02-03 15:20:06,737 - basicLogger - INFO - Response for event exercise_report (id: 1770160806700037143) has status 500
2026-02-03 15:20:33,456 - basicLogger - INFO - Received event exercise_report with a trace id of 1770160833456700551
2026-02-03 15:20:33,456 - basicLogger - DEBUG - Sending to storage: {'exercise_id': '350c5333-de3d-4f3c-836e-84658270abd9', 'type': 'Running', 'duration_min': 111, 'avg_heart_rate': 137, 'peak_heart_rate': 170, 'user_id': '5f799a6b-0def-4460-a816-c0a4bfd1192c', 'trace_id': 1770160833456700551, 'source_device': 'Garmin Forerunner 955', 'batch_timestamp': '2026-02-03T15:20:33Z', 'record_timestamp': '2026-02-03T15:20:33Z'}
2026-02-03 15:20:33,493 - basicLogger - INFO - Response for event exercise_report (id: 1770160833456700551) has status 500
2026-02-03 15:23:29,564 - basicLogger - INFO - Received event exercise_report with a trace id of 1770161009564565229
2026-02-03 15:23:32,787 - basicLogger - INFO - Received event exercise_report with a trace id of 1770161012787057113
2026-02-03 15:25:34,078 - basicLogger - DEBUG - Sending to storage: {'exercise_id': '7e2b4d29-fc69-4628-a414-4a52a912a445', 'type': 'Running', 'duration_min': 44, 'avg_heart_rate': 148, 'peak_heart_rate': 181, 'user_id': '48b46759-783e-4a62-9e00-083c009ae32b', 'trace_id': 'e2a2445c-efd5-47df-acbb-b4d7bf096425', 'source_device': 'Garmin Forerunner 955', 'batch_timestamp': '2026-02-03T15:25:34Z', 'record_timestamp': '2026-02-03T15:25:34Z'}
2026-02-03 15:26:03,826 - basicLogger - DEBUG - Sending to storage: {'exercise_id': 'f0dbddde-dec9-4eca-b253-43a1b2cb864b', 'type': 'Running', 'duration_min': 39, 'avg_heart_rate': 120, 'peak_heart_rate': 171, 'user_id': 'bbd67b06-efbe-4669-851f-5051259f03b9', 'trace_id': '78cc6f62-7be4-4e7a-b572-17d4b5ea213c', 'source_device': 'Garmin Forerunner 955', 'batch_timestamp': '2026-02-03T15:26:03Z', 'record_timestamp': '2026-02-03T15:26:03Z'}
2026-02-03 15:27:48,581 - basicLogger - DEBUG - Sending to storage: {'exercise_id': '090a47ae-3e37-4201-9f95-fa5d95f5b708', 'type': 'Running', 'duration_min': 35, 'avg_heart_rate': 160, 'peak_heart_rate': 174, 'user_id': '7d8befca-4f13-47de-8fff-7697825d9f4c', 'trace_id': '7b3dd117-da8f-4f61-8981-9812b5a47cd0', 'source_device': 'Garmin Forerunner 955', 'batch_timestamp': '2026-02-03T15:27:48Z', 'record_timestamp': '2026-02-03T15:27:48Z'}
